<?xml version="1.0" encoding="UTF-8"?>
<!-- Generated by org.testng.reporters.JUnitXMLReporter -->
<testsuite ignored="0" hostname="ANMOLs-MacBook-Air.local" failures="0" tests="2" name="Default test" time="24.011" errors="0" timestamp="2026-01-12T14:38:56 IST">
  <testcase classname="io.cucumber.testng.AbstractTestNGCucumberTests" name="runScenario" time="13.254"/>
  <testcase classname="io.cucumber.testng.AbstractTestNGCucumberTests" name="runScenario" time="10.57"/>
</testsuite> <!-- Default test -->
