<?xml version="1.0" encoding="UTF-8"?>
<!-- Generated by org.testng.reporters.JUnitXMLReporter -->
<testsuite ignored="0" hostname="ANMOLs-MacBook-Air.local" failures="2" tests="4" name="Default test" time="13.282" errors="0" timestamp="2026-01-22T16:01:21 IST">
  <testcase classname="io.cucumber.testng.AbstractTestNGCucumberTests" name="runScenario" time="3.742"/>
  <testcase classname="io.cucumber.testng.AbstractTestNGCucumberTests" name="runScenario" time="2.785"/>
  <testcase classname="io.cucumber.testng.AbstractTestNGCucumberTests" name="runScenario" time="3.374">
    <failure type="io.cucumber.testng.UndefinedStepException" message="The step &amp;apos;profile should be created successfully&amp;apos; is undefined.
You can implement this step using the snippet(s) below:

@Then(&amp;quot;profile should be created successfully&amp;quot;)
public void profile_should_be_created_successfully() {
    // Write code here that turns the phrase above into concrete actions
    throw new io.cucumber.java.PendingException();
}
">
      <![CDATA[io.cucumber.testng.UndefinedStepException: The step 'profile should be created successfully' is undefined.
You can implement this step using the snippet(s) below:

@Then("profile should be created successfully")
public void profile_should_be_created_successfully() {
    // Write code here that turns the phrase above into concrete actions
    throw new io.cucumber.java.PendingException();
}

at ✽.profile should be created successfully(file:///Users/anmolrajora/Documents/SDET_Automation/Selenium_Learnings/PWA_Automation/src/test/resources/features/profile.feature:11)
]]>
    </failure>
  </testcase> <!-- runScenario -->
  <testcase classname="io.cucumber.testng.AbstractTestNGCucumberTests" name="runScenario" time="3.206">
    <failure type="io.cucumber.testng.UndefinedStepException" message="The step &amp;apos;profile should be created successfully&amp;apos; is undefined.
You can implement this step using the snippet(s) below:

@Then(&amp;quot;profile should be created successfully&amp;quot;)
public void profile_should_be_created_successfully() {
    // Write code here that turns the phrase above into concrete actions
    throw new io.cucumber.java.PendingException();
}
">
      <![CDATA[io.cucumber.testng.UndefinedStepException: The step 'profile should be created successfully' is undefined.
You can implement this step using the snippet(s) below:

@Then("profile should be created successfully")
public void profile_should_be_created_successfully() {
    // Write code here that turns the phrase above into concrete actions
    throw new io.cucumber.java.PendingException();
}

at ✽.profile should be created successfully(file:///Users/anmolrajora/Documents/SDET_Automation/Selenium_Learnings/PWA_Automation/src/test/resources/features/profile.feature:11)
]]>
    </failure>
  </testcase> <!-- runScenario -->
</testsuite> <!-- Default test -->
