<?xml version="1.0" encoding="UTF-8"?>
<testsuite xmlns:xsi="http://www.w3.org/2001/XMLSchema-instance" xsi:noNamespaceSchemaLocation="https://maven.apache.org/surefire/maven-surefire-plugin/xsd/surefire-test-report-3.0.xsd" version="3.0" name="runners.TestRunner" time="18.331" tests="4" errors="0" skipped="0" failures="0">
  <properties>
[...]
</properties>
  <testcase name="runScenario[&quot;User logs in with valid Credentials &quot;9650801800&quot;&quot;, &quot;Login Functionality&quot;](1)" classname="runners.TestRunner" time="9.998">
    <system-out><![CDATA[
&amp#27;[1mScenario Outline:&amp#27;[22m User logs in with valid Credentials "9650801800" &amp#27;[90m# src/test/resources/features/login.feature:13&amp#27;[39m
  &amp#27;[32m✔&amp#27;[39m &amp#27;[32m&amp#27;[1mGiven &amp#27;[22muser is on login page&amp#27;[39m                                    &amp#27;[90m# stepDefinations.LoginSteps.openLoginPage()&amp#27;[39m
  &amp#27;[32m✔&amp#27;[39m &amp#27;[32m&amp#27;[1mWhen &amp#27;[22muser enters phone number &amp#27;[1m"9650801800"&amp#27;[22m&amp#27;[39m                     &amp#27;[90m# stepDefinations.LoginSteps.enterCredentials(java.lang.String)&amp#27;[39m
  &amp#27;[32m✔&amp#27;[39m &amp#27;[32m&amp#27;[1mAnd &amp#27;[22muser click on send OTP button&amp#27;[39m                              &amp#27;[90m# stepDefinations.LoginSteps.loginMobile()&amp#27;[39m
  &amp#27;[32m✔&amp#27;[39m &amp#27;[32m&amp#27;[1mAnd &amp#27;[22muser enters valid OTP&amp#27;[39m                                      &amp#27;[90m# stepDefinations.LoginSteps.loginOtp()&amp#27;[39m
  &amp#27;[32m✔&amp#27;[39m &amp#27;[32m&amp#27;[1mThen &amp#27;[22muser should be logged in successfully&amp#27;[39m                     &amp#27;[90m# stepDefinations.LoginSteps.loginSuccess()&amp#27;[39m
]]></system-out>
    <system-err><![CDATA[SLF4J(W): No SLF4J providers were found.
SLF4J(W): Defaulting to no-operation (NOP) logger implementation
SLF4J(W): See https://www.slf4j.org/codes.html#noProviders for further details.
Jan 22, 2026 5:54:16 PM org.openqa.selenium.devtools.CdpVersionFinder findNearestMatch
WARNING: Unable to find an exact match for CDP version 143, returning the closest version; found: 142; Please update to a Selenium version that supports CDP version 143
]]></system-err>
  </testcase>
  <testcase name="runScenario[&quot;User logs in with valid Credentials &quot;9876543200&quot;&quot;, &quot;Login Functionality&quot;](2)" classname="runners.TestRunner" time="2.607">
    <system-out><![CDATA[
&amp#27;[1mScenario Outline:&amp#27;[22m User logs in with valid Credentials "9876543200" &amp#27;[90m# src/test/resources/features/login.feature:14&amp#27;[39m
  &amp#27;[32m✔&amp#27;[39m &amp#27;[32m&amp#27;[1mGiven &amp#27;[22muser is on login page&amp#27;[39m                                    &amp#27;[90m# stepDefinations.LoginSteps.openLoginPage()&amp#27;[39m
  &amp#27;[32m✔&amp#27;[39m &amp#27;[32m&amp#27;[1mWhen &amp#27;[22muser enters phone number &amp#27;[1m"9876543200"&amp#27;[22m&amp#27;[39m                     &amp#27;[90m# stepDefinations.LoginSteps.enterCredentials(java.lang.String)&amp#27;[39m
  &amp#27;[32m✔&amp#27;[39m &amp#27;[32m&amp#27;[1mAnd &amp#27;[22muser click on send OTP button&amp#27;[39m                              &amp#27;[90m# stepDefinations.LoginSteps.loginMobile()&amp#27;[39m
  &amp#27;[32m✔&amp#27;[39m &amp#27;[32m&amp#27;[1mAnd &amp#27;[22muser enters valid OTP&amp#27;[39m                                      &amp#27;[90m# stepDefinations.LoginSteps.loginOtp()&amp#27;[39m
  &amp#27;[32m✔&amp#27;[39m &amp#27;[32m&amp#27;[1mThen &amp#27;[22muser should be logged in successfully&amp#27;[39m                     &amp#27;[90m# stepDefinations.LoginSteps.loginSuccess()&amp#27;[39m
]]></system-out>
    <system-err><![CDATA[Jan 22, 2026 5:54:25 PM org.openqa.selenium.devtools.CdpVersionFinder findNearestMatch
WARNING: Unable to find an exact match for CDP version 143, returning the closest version; found: 142; Please update to a Selenium version that supports CDP version 143
]]></system-err>
  </testcase>
  <testcase name="runScenario[&quot;Create profile with valid details Name &quot;Anmol&quot;, Email &quot;anmolsingh@test.com&quot;, Dob &quot;12/01/1999&quot;&quot;, &quot;Profile Creation and Management&quot;](3)" classname="runners.TestRunner" time="2.825">
    <system-out><![CDATA[
@requiresLogin @profileCreation
&amp#27;[1mScenario Outline:&amp#27;[22m Create profile with valid details Name "Anmol", Email "anmolsingh@test.com", Dob "12/01/1999" &amp#27;[90m# src/test/resources/features/profile.feature:15&amp#27;[39m
  &amp#27;[32m✔&amp#27;[39m &amp#27;[32m&amp#27;[1mWhen &amp#27;[22muser enters name &amp#27;[1m"Anmol"&amp#27;[22m&amp#27;[39m                                                                               &amp#27;[90m# stepDefinations.ProfileSteps.user_enters_name(java.lang.String)&amp#27;[39m
  &amp#27;[32m✔&amp#27;[39m &amp#27;[32m&amp#27;[1mAnd &amp#27;[22muser enters email &amp#27;[1m"anmolsingh@test.com"&amp#27;[22m&amp#27;[39m                                                                 &amp#27;[90m# stepDefinations.ProfileSteps.user_enters_email(java.lang.String)&amp#27;[39m
  &amp#27;[32m✔&amp#27;[39m &amp#27;[32m&amp#27;[1mAnd &amp#27;[22muser selects date of birth &amp#27;[1m"12/01/1999"&amp#27;[22m&amp#27;[39m                                                                 &amp#27;[90m# stepDefinations.ProfileSteps.user_selects_date_of_birth(java.lang.String)&amp#27;[39m
  &amp#27;[32m✔&amp#27;[39m &amp#27;[32m&amp#27;[1mAnd &amp#27;[22muser selects gender radio button&amp#27;[39m                                                                        &amp#27;[90m# stepDefinations.ProfileSteps.user_selects_gender_radio_button()&amp#27;[39m
  &amp#27;[32m✔&amp#27;[39m &amp#27;[32m&amp#27;[1mAnd &amp#27;[22muser clicks on Save and Continue button&amp#27;[39m                                                                 &amp#27;[90m# stepDefinations.ProfileSteps.user_clicks_on_save_and_continue_button()&amp#27;[39m
  &amp#27;[32m✔&amp#27;[39m &amp#27;[32m&amp#27;[1mThen &amp#27;[22mprofile should be created successfully&amp#27;[39m                                                                 &amp#27;[90m# stepDefinations.ProfileSteps.profile_should_be_created_successfully()&amp#27;[39m
]]></system-out>
    <system-err><![CDATA[Jan 22, 2026 5:54:27 PM org.openqa.selenium.devtools.CdpVersionFinder findNearestMatch
WARNING: Unable to find an exact match for CDP version 143, returning the closest version; found: 142; Please update to a Selenium version that supports CDP version 143
]]></system-err>
  </testcase>
  <testcase name="runScenario[&quot;Create profile with valid details Name &quot;Pratik&quot;, Email &quot;pratiksingh@test.com&quot;, Dob &quot;12/02/1998&quot;&quot;, &quot;Profile Creation and Management&quot;](4)" classname="runners.TestRunner" time="2.592">
    <system-out><![CDATA[
@requiresLogin @profileCreation
&amp#27;[1mScenario Outline:&amp#27;[22m Create profile with valid details Name "Pratik", Email "pratiksingh@test.com", Dob "12/02/1998" &amp#27;[90m# src/test/resources/features/profile.feature:16&amp#27;[39m
  &amp#27;[32m✔&amp#27;[39m &amp#27;[32m&amp#27;[1mWhen &amp#27;[22muser enters name &amp#27;[1m"Pratik"&amp#27;[22m&amp#27;[39m                                                                                &amp#27;[90m# stepDefinations.ProfileSteps.user_enters_name(java.lang.String)&amp#27;[39m
  &amp#27;[32m✔&amp#27;[39m &amp#27;[32m&amp#27;[1mAnd &amp#27;[22muser enters email &amp#27;[1m"pratiksingh@test.com"&amp#27;[22m&amp#27;[39m                                                                  &amp#27;[90m# stepDefinations.ProfileSteps.user_enters_email(java.lang.String)&amp#27;[39m
  &amp#27;[32m✔&amp#27;[39m &amp#27;[32m&amp#27;[1mAnd &amp#27;[22muser selects date of birth &amp#27;[1m"12/02/1998"&amp#27;[22m&amp#27;[39m                                                                   &amp#27;[90m# stepDefinations.ProfileSteps.user_selects_date_of_birth(java.lang.String)&amp#27;[39m
  &amp#27;[32m✔&amp#27;[39m &amp#27;[32m&amp#27;[1mAnd &amp#27;[22muser selects gender radio button&amp#27;[39m                                                                          &amp#27;[90m# stepDefinations.ProfileSteps.user_selects_gender_radio_button()&amp#27;[39m
  &amp#27;[32m✔&amp#27;[39m &amp#27;[32m&amp#27;[1mAnd &amp#27;[22muser clicks on Save and Continue button&amp#27;[39m                                                                   &amp#27;[90m# stepDefinations.ProfileSteps.user_clicks_on_save_and_continue_button()&amp#27;[39m
  &amp#27;[32m✔&amp#27;[39m &amp#27;[32m&amp#27;[1mThen &amp#27;[22mprofile should be created successfully&amp#27;[39m                                                                   &amp#27;[90m# stepDefinations.ProfileSteps.profile_should_be_created_successfully()&amp#27;[39m
]]></system-out>
    <system-err><![CDATA[Jan 22, 2026 5:54:30 PM org.openqa.selenium.devtools.CdpVersionFinder findNearestMatch
WARNING: Unable to find an exact match for CDP version 143, returning the closest version; found: 142; Please update to a Selenium version that supports CDP version 143
]]></system-err>
  </testcase>
</testsuite>