[{"line":1,"uri":"file:src/test/resources/features/login.feature","id":"login-functionality","keyword":"Feature","name":"Login Functionality","description":"","elements":[{"start_timestamp":"2026-01-23T10:25:24.103Z","line":13,"id":"login-functionality;user-logs-in-with-valid-credentials-\"<phonenumber>\";;2","type":"scenario","keyword":"Scenario Outline","name":"User logs in with valid Credentials \"9650801800\"","description":"","steps":[{"keyword":"Given ","line":5,"match":{"location":"stepDefinations.LoginSteps.openLoginPage()"},"name":"user is on login page","result":{"duration":1068899000,"status":"passed"}},{"keyword":"When ","line":6,"match":{"location":"stepDefinations.LoginSteps.enterCredentials(java.lang.String)","arguments":[{"val":"\"9650801800\"","offset":25}]},"name":"user enters phone number \"9650801800\"","result":{"duration":217751000,"status":"passed"}},{"keyword":"And ","line":7,"match":{"location":"stepDefinations.LoginSteps.loginMobile()"},"name":"user click on send OTP button","result":{"duration":23427000,"status":"passed"}},{"keyword":"And ","line":8,"match":{"location":"stepDefinations.LoginSteps.loginOtp()"},"name":"user enters valid OTP","result":{"duration":300018000,"status":"passed"}},{"keyword":"Then ","line":9,"match":{"location":"stepDefinations.LoginSteps.loginSuccess()"},"name":"user should be logged in successfully","result":{"duration":20591028000,"status":"failed","error_message":"java.lang.AssertionError: expected [true] but found [false]\n\tat org.testng.Assert.fail(Assert.java:111)\n\tat org.testng.Assert.failNotEquals(Assert.java:1590)\n\tat org.testng.Assert.assertTrue(Assert.java:57)\n\tat org.testng.Assert.assertTrue(Assert.java:67)\n\tat stepDefinations.LoginSteps.loginSuccess(LoginSteps.java:67)\n\tat ✽.user should be logged in successfully(file:///Users/anmolrajora/Documents/SDET_Automation/Selenium_Learnings/PWA_Automation/src/test/resources/features/login.feature:9)\n"}}],"before":[{"match":{"location":"hooks.Hooks.setup(io.cucumber.java.Scenario)"},"result":{"duration":8749625000,"status":"passed"}}],"after":[{"match":{"location":"hooks.Hooks.tearDown(io.cucumber.java.Scenario)"},"result":{"duration":182863000,"status":"passed"}}]},{"start_timestamp":"2026-01-23T10:25:55.248Z","line":14,"id":"login-functionality;user-logs-in-with-valid-credentials-\"<phonenumber>\";;3","type":"scenario","keyword":"Scenario Outline","name":"User logs in with valid Credentials \"9876543200\"","description":"","steps":[{"keyword":"Given ","line":5,"match":{"location":"stepDefinations.LoginSteps.openLoginPage()"},"name":"user is on login page","result":{"duration":778436000,"status":"passed"}},{"keyword":"When ","line":6,"match":{"location":"stepDefinations.LoginSteps.enterCredentials(java.lang.String)","arguments":[{"val":"\"9876543200\"","offset":25}]},"name":"user enters phone number \"9876543200\"","result":{"duration":219293000,"status":"passed"}},{"keyword":"And ","line":7,"match":{"location":"stepDefinations.LoginSteps.loginMobile()"},"name":"user click on send OTP button","result":{"duration":23682000,"status":"passed"}},{"keyword":"And ","line":8,"match":{"location":"stepDefinations.LoginSteps.loginOtp()"},"name":"user enters valid OTP","result":{"duration":187131000,"status":"passed"}},{"keyword":"Then ","line":9,"match":{"location":"stepDefinations.LoginSteps.loginSuccess()"},"name":"user should be logged in successfully","result":{"duration":20588913000,"status":"failed","error_message":"java.lang.AssertionError: expected [true] but found [false]\n\tat org.testng.Assert.fail(Assert.java:111)\n\tat org.testng.Assert.failNotEquals(Assert.java:1590)\n\tat org.testng.Assert.assertTrue(Assert.java:57)\n\tat org.testng.Assert.assertTrue(Assert.java:67)\n\tat stepDefinations.LoginSteps.loginSuccess(LoginSteps.java:67)\n\tat ✽.user should be logged in successfully(file:///Users/anmolrajora/Documents/SDET_Automation/Selenium_Learnings/PWA_Automation/src/test/resources/features/login.feature:9)\n"}}],"before":[{"match":{"location":"hooks.Hooks.setup(io.cucumber.java.Scenario)"},"result":{"duration":1059927000,"status":"passed"}}],"after":[{"match":{"location":"hooks.Hooks.tearDown(io.cucumber.java.Scenario)"},"result":{"duration":107321000,"status":"passed"}}]}],"tags":[]},{"line":2,"uri":"file:src/test/resources/features/profile.feature","id":"profile-creation-and-management","keyword":"Feature","name":"Profile Creation and Management","description":"","elements":[{"start_timestamp":"2026-01-23T10:26:18.220Z","line":15,"id":"profile-creation-and-management;create-profile-with-valid-details-name-\"<name>\"--email-\"<email>\"--dob-\"<dob>\";;2","type":"scenario","keyword":"Scenario Outline","name":"Create profile with valid details Name \"Anmol\", Email \"anmolsingh@test.com\", Dob \"12/01/1999\"","description":"","steps":[{"keyword":"When ","line":6,"match":{"location":"stepDefinations.ProfileSteps.user_enters_name(java.lang.String)","arguments":[{"val":"\"Anmol\"","offset":17}]},"name":"user enters name \"Anmol\"","result":{"duration":120000,"status":"skipped"}},{"keyword":"And ","line":7,"match":{"location":"stepDefinations.ProfileSteps.user_enters_email(java.lang.String)","arguments":[{"val":"\"anmolsingh@test.com\"","offset":18}]},"name":"user enters email \"anmolsingh@test.com\"","result":{"duration":66000,"status":"skipped"}},{"keyword":"And ","line":8,"match":{"location":"stepDefinations.ProfileSteps.user_selects_date_of_birth(java.lang.String)","arguments":[{"val":"\"12/01/1999\"","offset":27}]},"name":"user selects date of birth \"12/01/1999\"","result":{"duration":61000,"status":"skipped"}},{"keyword":"And ","line":9,"match":{"location":"stepDefinations.ProfileSteps.user_selects_gender_radio_button()"},"name":"user selects gender radio button","result":{"duration":81000,"status":"skipped"}},{"keyword":"And ","line":10,"match":{"location":"stepDefinations.ProfileSteps.user_clicks_on_save_and_continue_button()"},"name":"user clicks on Save and Continue button","result":{"duration":62000,"status":"skipped"}},{"keyword":"Then ","line":11,"match":{"location":"stepDefinations.ProfileSteps.profile_should_be_created_successfully()"},"name":"profile should be created successfully","result":{"duration":59000,"status":"skipped"}}],"before":[{"match":{"location":"hooks.Hooks.setup(io.cucumber.java.Scenario)"},"result":{"duration":998654000,"status":"passed"}},{"match":{"location":"hooks.Hooks.loginBeforeScenario()"},"result":{"duration":21743856000,"status":"failed","error_message":"java.lang.AssertionError: Login failed in @requiresLogin hook expected [true] but found [false]\n\tat org.testng.Assert.fail(Assert.java:111)\n\tat org.testng.Assert.failNotEquals(Assert.java:1590)\n\tat org.testng.Assert.assertTrue(Assert.java:57)\n\tat hooks.Hooks.loginBeforeScenario(Hooks.java:43)\n"}}],"after":[{"match":{"location":"hooks.Hooks.tearDown(io.cucumber.java.Scenario)"},"result":{"duration":108443000,"status":"passed"}}],"tags":[{"name":"@requiresLogin"},{"name":"@profileCreation"}]},{"start_timestamp":"2026-01-23T10:26:41.075Z","line":16,"id":"profile-creation-and-management;create-profile-with-valid-details-name-\"<name>\"--email-\"<email>\"--dob-\"<dob>\";;3","type":"scenario","keyword":"Scenario Outline","name":"Create profile with valid details Name \"Pratik\", Email \"pratiksingh@test.com\", Dob \"12/02/1998\"","description":"","steps":[{"keyword":"When ","line":6,"match":{"location":"stepDefinations.ProfileSteps.user_enters_name(java.lang.String)","arguments":[{"val":"\"Pratik\"","offset":17}]},"name":"user enters name \"Pratik\"","result":{"duration":125000,"status":"skipped"}},{"keyword":"And ","line":7,"match":{"location":"stepDefinations.ProfileSteps.user_enters_email(java.lang.String)","arguments":[{"val":"\"pratiksingh@test.com\"","offset":18}]},"name":"user enters email \"pratiksingh@test.com\"","result":{"duration":61000,"status":"skipped"}},{"keyword":"And ","line":8,"match":{"location":"stepDefinations.ProfileSteps.user_selects_date_of_birth(java.lang.String)","arguments":[{"val":"\"12/02/1998\"","offset":27}]},"name":"user selects date of birth \"12/02/1998\"","result":{"duration":54000,"status":"skipped"}},{"keyword":"And ","line":9,"match":{"location":"stepDefinations.ProfileSteps.user_selects_gender_radio_button()"},"name":"user selects gender radio button","result":{"duration":72000,"status":"skipped"}},{"keyword":"And ","line":10,"match":{"location":"stepDefinations.ProfileSteps.user_clicks_on_save_and_continue_button()"},"name":"user clicks on Save and Continue button","result":{"duration":65000,"status":"skipped"}},{"keyword":"Then ","line":11,"match":{"location":"stepDefinations.ProfileSteps.profile_should_be_created_successfully()"},"name":"profile should be created successfully","result":{"duration":121000,"status":"skipped"}}],"before":[{"match":{"location":"hooks.Hooks.setup(io.cucumber.java.Scenario)"},"result":{"duration":1058045000,"status":"passed"}},{"match":{"location":"hooks.Hooks.loginBeforeScenario()"},"result":{"duration":21854520000,"status":"failed","error_message":"java.lang.AssertionError: Login failed in @requiresLogin hook expected [true] but found [false]\n\tat org.testng.Assert.fail(Assert.java:111)\n\tat org.testng.Assert.failNotEquals(Assert.java:1590)\n\tat org.testng.Assert.assertTrue(Assert.java:57)\n\tat hooks.Hooks.loginBeforeScenario(Hooks.java:43)\n"}}],"after":[{"match":{"location":"hooks.Hooks.tearDown(io.cucumber.java.Scenario)"},"result":{"duration":108073000,"status":"passed"}}],"tags":[{"name":"@requiresLogin"},{"name":"@profileCreation"}]}],"tags":[{"name":"@requiresLogin","type":"Tag","location":{"line":1,"column":1}}]}]