<?xml version="1.0" encoding="UTF-8"?>
<testng-results ignored="0" total="4" passed="4" failed="0" skipped="0">
  <reporter-output>
  </reporter-output>
  <suite started-at="2026-02-04T01:18:04 IST" name="Default suite" finished-at="2026-02-04T01:18:16 IST" duration-ms="11515">
    <groups>
      <group name="cucumber">
        <method signature="AbstractTestNGCucumberTests.runScenario(io.cucumber.testng.PickleWrapper,io.cucumber.testng.FeatureWrapper)[pri:0, instance:runners.TestRunner@510f3d34]" name="runScenario" class="io.cucumber.testng.AbstractTestNGCucumberTests"/>
      </group> <!-- cucumber -->
    </groups>
    <test started-at="2026-02-04T01:18:04 IST" name="Default test" finished-at="2026-02-04T01:18:16 IST" duration-ms="11515">
      <class name="runners.TestRunner">
        <test-method is-config="true" signature="setUpClass(org.testng.ITestContext)[pri:0, instance:runners.TestRunner@510f3d34]" started-at="2026-02-04T01:18:04 IST" name="setUpClass" finished-at="2026-02-04T01:18:05 IST" duration-ms="216" status="PASS">
          <params>
            <param index="0">
              <value>
                <![CDATA[org.testng.TestRunner@454bcbbf]]>
              </value>
            </param>
          </params>
          <reporter-output>
          </reporter-output>
        </test-method> <!-- setUpClass -->
        <test-method signature="runScenario(io.cucumber.testng.PickleWrapper,io.cucumber.testng.FeatureWrapper)[pri:0, instance:runners.TestRunner@510f3d34]" started-at="2026-02-04T01:18:05 IST" name="runScenario" description="Runs Cucumber Scenarios" data-provider="scenarios" finished-at="2026-02-04T01:18:08 IST" duration-ms="3536" status="PASS">
          <params>
            <param index="0">
              <value>
                <![CDATA["User logs in with valid Credentials "9650801800""]]>
              </value>
            </param>
            <param index="1">
              <value>
                <![CDATA["Login Functionality"]]>
              </value>
            </param>
          </params>
          <reporter-output>
          </reporter-output>
        </test-method> <!-- runScenario -->
        <test-method signature="runScenario(io.cucumber.testng.PickleWrapper,io.cucumber.testng.FeatureWrapper)[pri:0, instance:runners.TestRunner@510f3d34]" started-at="2026-02-04T01:18:08 IST" name="runScenario" description="Runs Cucumber Scenarios" data-provider="scenarios" finished-at="2026-02-04T01:18:11 IST" duration-ms="2547" status="PASS">
          <params>
            <param index="0">
              <value>
                <![CDATA["User logs in with valid Credentials "9876543200""]]>
              </value>
            </param>
            <param index="1">
              <value>
                <![CDATA["Login Functionality"]]>
              </value>
            </param>
          </params>
          <reporter-output>
          </reporter-output>
        </test-method> <!-- runScenario -->
        <test-method signature="runScenario(io.cucumber.testng.PickleWrapper,io.cucumber.testng.FeatureWrapper)[pri:0, instance:runners.TestRunner@510f3d34]" started-at="2026-02-04T01:18:11 IST" name="runScenario" description="Runs Cucumber Scenarios" data-provider="scenarios" finished-at="2026-02-04T01:18:13 IST" duration-ms="2543" status="PASS">
          <params>
            <param index="0">
              <value>
                <![CDATA["Create profile with valid details Name "Anmol", Email "anmolsingh@test.com", Dob "12/01/1999""]]>
              </value>
            </param>
            <param index="1">
              <value>
                <![CDATA["Profile Creation and Management"]]>
              </value>
            </param>
          </params>
          <reporter-output>
          </reporter-output>
        </test-method> <!-- runScenario -->
        <test-method signature="runScenario(io.cucumber.testng.PickleWrapper,io.cucumber.testng.FeatureWrapper)[pri:0, instance:runners.TestRunner@510f3d34]" started-at="2026-02-04T01:18:13 IST" name="runScenario" description="Runs Cucumber Scenarios" data-provider="scenarios" finished-at="2026-02-04T01:18:16 IST" duration-ms="2565" status="PASS">
          <params>
            <param index="0">
              <value>
                <![CDATA["Create profile with valid details Name "Pratik", Email "pratiksingh@test.com", Dob "12/02/1998""]]>
              </value>
            </param>
            <param index="1">
              <value>
                <![CDATA["Profile Creation and Management"]]>
              </value>
            </param>
          </params>
          <reporter-output>
          </reporter-output>
        </test-method> <!-- runScenario -->
        <test-method is-config="true" signature="tearDownClass()[pri:0, instance:runners.TestRunner@510f3d34]" started-at="2026-02-04T01:18:16 IST" name="tearDownClass" finished-at="2026-02-04T01:18:16 IST" duration-ms="93" status="PASS">
          <reporter-output>
          </reporter-output>
        </test-method> <!-- tearDownClass -->
      </class> <!-- runners.TestRunner -->
    </test> <!-- Default test -->
  </suite> <!-- Default suite -->
</testng-results>
