<?xml version="1.0" encoding="UTF-8"?>
<!-- Generated by org.testng.reporters.JUnitReportReporter -->
<testsuite hostname="ANMOLs-MacBook-Air.local" failures="0" tests="4" name="runners.TestRunner" time="10.707" errors="0" timestamp="2026-01-27T20:33:36 IST" skipped="0">
  <testcase classname="runners.TestRunner" name="runScenario" time="2.926"/>
  <testcase classname="runners.TestRunner" name="runScenario" time="2.634"/>
  <testcase classname="runners.TestRunner" name="runScenario" time="2.639"/>
  <testcase classname="runners.TestRunner" name="runScenario" time="2.508"/>
</testsuite> <!-- runners.TestRunner -->
