<?xml version="1.0" encoding="UTF-8"?>
<!-- Generated by org.testng.reporters.JUnitReportReporter -->
<testsuite hostname="ANMOLs-MacBook-Air.local" failures="0" tests="4" name="runners.TestRunner" time="22.346" errors="0" timestamp="2026-01-19T18:43:11 IST" skipped="0">
  <testcase classname="runners.TestRunner" name="runScenario" time="4.326"/>
  <testcase classname="runners.TestRunner" name="runScenario" time="4.290"/>
  <testcase classname="runners.TestRunner" name="runScenario" time="4.336"/>
  <testcase classname="runners.TestRunner" name="runScenario" time="9.394"/>
</testsuite> <!-- runners.TestRunner -->
