<?xml version="1.0" encoding="UTF-8"?>
<!-- Generated by org.testng.reporters.JUnitReportReporter -->
<testsuite hostname="ANMOLs-MacBook-Air.local" failures="0" tests="4" name="runners.TestRunner" time="10.721" errors="0" timestamp="2026-01-27T20:56:16 IST" skipped="0">
  <testcase classname="runners.TestRunner" name="runScenario" time="3.189"/>
  <testcase classname="runners.TestRunner" name="runScenario" time="2.638"/>
  <testcase classname="runners.TestRunner" name="runScenario" time="2.475"/>
  <testcase classname="runners.TestRunner" name="runScenario" time="2.419"/>
</testsuite> <!-- runners.TestRunner -->
