<?xml version="1.0" encoding="UTF-8"?>
<!-- Generated by org.testng.reporters.JUnitReportReporter -->
<testsuite hostname="ANMOLs-MacBook-Air.local" failures="0" tests="4" name="runners.TestRunner" time="13.107" errors="2" timestamp="2026-01-22T16:01:21 IST" skipped="0">
  <testcase classname="runners.TestRunner" name="runScenario" time="3.206">
    <error message="The step &#039;profile should be created successfully&#039; is undefined.
You can implement this step using the snippet(s) below:

@Then(&quot;profile should be created successfully&quot;)
public void profile_should_be_created_successfully() {
    // Write code here that turns the phrase above into concrete actions
    throw new io.cucumber.java.PendingException();
}
" type="io.cucumber.testng.UndefinedStepException">
      <![CDATA[io.cucumber.testng.UndefinedStepException: The step 'profile should be created successfully' is undefined.
You can implement this step using the snippet(s) below:

@Then("profile should be created successfully")
public void profile_should_be_created_successfully() {
    // Write code here that turns the phrase above into concrete actions
    throw new io.cucumber.java.PendingException();
}

at ✽.profile should be created successfully(file:///Users/anmolrajora/Documents/SDET_Automation/Selenium_Learnings/PWA_Automation/src/test/resources/features/profile.feature:11)
]]>
    </error>
  </testcase> <!-- runScenario -->
  <testcase classname="runners.TestRunner" name="runScenario" time="3.742"/>
  <testcase classname="runners.TestRunner" name="runScenario" time="3.374">
    <error message="The step &#039;profile should be created successfully&#039; is undefined.
You can implement this step using the snippet(s) below:

@Then(&quot;profile should be created successfully&quot;)
public void profile_should_be_created_successfully() {
    // Write code here that turns the phrase above into concrete actions
    throw new io.cucumber.java.PendingException();
}
" type="io.cucumber.testng.UndefinedStepException">
      <![CDATA[io.cucumber.testng.UndefinedStepException: The step 'profile should be created successfully' is undefined.
You can implement this step using the snippet(s) below:

@Then("profile should be created successfully")
public void profile_should_be_created_successfully() {
    // Write code here that turns the phrase above into concrete actions
    throw new io.cucumber.java.PendingException();
}

at ✽.profile should be created successfully(file:///Users/anmolrajora/Documents/SDET_Automation/Selenium_Learnings/PWA_Automation/src/test/resources/features/profile.feature:11)
]]>
    </error>
  </testcase> <!-- runScenario -->
  <testcase classname="runners.TestRunner" name="runScenario" time="2.785"/>
</testsuite> <!-- runners.TestRunner -->
